<?xml version="1.0" encoding="UTF-8"?>
<testng-results ignored="1" total="2" passed="1" failed="0" skipped="0">
  <reporter-output>
  </reporter-output>
  <suite started-at="2025-09-16T13:21:56 WAT" name="Surefire suite" finished-at="2025-09-16T13:22:28 WAT" duration-ms="32375">
    <groups>
    </groups>
    <test started-at="2025-09-16T13:21:56 WAT" name="Surefire test" finished-at="2025-09-16T13:22:28 WAT" duration-ms="32375">
      <class name="com.AirplaneTest">
        <test-method is-config="true" signature="setup()[pri:0, instance:com.AirplaneTest@4d339552]" started-at="2025-09-16T13:21:56 WAT" name="setup" finished-at="2025-09-16T13:22:12 WAT" duration-ms="16016" status="PASS">
          <reporter-output>
          </reporter-output>
        </test-method> <!-- setup -->
        <test-method signature="test2()[pri:0, instance:com.AirplaneTest@4d339552]" started-at="2025-09-16T13:22:12 WAT" name="test2" finished-at="2025-09-16T13:22:24 WAT" duration-ms="11600" status="PASS">
          <reporter-output>
          </reporter-output>
        </test-method> <!-- test2 -->
        <test-method is-config="true" signature="close()[pri:0, instance:com.AirplaneTest@4d339552]" started-at="2025-09-16T13:22:24 WAT" name="close" finished-at="2025-09-16T13:22:28 WAT" duration-ms="4664" status="PASS">
          <reporter-output>
          </reporter-output>
        </test-method> <!-- close -->
      </class> <!-- com.AirplaneTest -->
    </test> <!-- Surefire test -->
  </suite> <!-- Surefire suite -->
</testng-results>
