<?xml version="1.0" encoding="UTF-8"?>
<testng-results ignored="0" total="1" passed="1" failed="0" skipped="0">
  <reporter-output>
  </reporter-output>
  <suite started-at="2025-09-22T14:01:16 WAT" name="Surefire suite" finished-at="2025-09-22T14:01:38 WAT" duration-ms="22044">
    <groups>
    </groups>
    <test started-at="2025-09-22T14:01:16 WAT" name="Surefire test" finished-at="2025-09-22T14:01:38 WAT" duration-ms="22044">
      <class name="com.appiumapp.sms_msg">
        <test-method is-config="true" signature="setup()[pri:0, instance:com.appiumapp.sms_msg@49070868]" started-at="2025-09-22T14:01:16 WAT" name="setup" finished-at="2025-09-22T14:01:34 WAT" duration-ms="18239" status="PASS">
          <reporter-output>
          </reporter-output>
        </test-method> <!-- setup -->
        <test-method signature="sendMessage()[pri:0, instance:com.appiumapp.sms_msg@49070868]" started-at="2025-09-22T14:01:34 WAT" name="sendMessage" finished-at="2025-09-22T14:01:35 WAT" duration-ms="482" status="PASS">
          <reporter-output>
          </reporter-output>
        </test-method> <!-- sendMessage -->
        <test-method is-config="true" signature="close()[pri:0, instance:com.appiumapp.sms_msg@49070868]" started-at="2025-09-22T14:01:35 WAT" name="close" finished-at="2025-09-22T14:01:38 WAT" duration-ms="3148" status="PASS">
          <reporter-output>
          </reporter-output>
        </test-method> <!-- close -->
      </class> <!-- com.appiumapp.sms_msg -->
    </test> <!-- Surefire test -->
  </suite> <!-- Surefire suite -->
</testng-results>
